1490075709396	geckodriver	INFO	Listening on 127.0.0.1:52495
1490075710475	mozprofile::profile	INFO	Using profile path /var/folders/0l/011nyqz92cj_pk0mk4n727g00000gn/T/rust_mozprofile.tNQ97AM50bJg
1490075710476	geckodriver::marionette	INFO	Starting browser /Applications/Firefox.app/Contents/MacOS/firefox-bin with args []
1490075710504	geckodriver::marionette	INFO	Connecting to Marionette on localhost:52504
1490075711207	Marionette	INFO	Listening on port 52504
1490075711510	Marionette	WARN	TLS certificate errors will be ignored for this session
2017-03-21 14:55:12.808 plugin-container[8466:282630] *** CFMessagePort: bootstrap_register(): failed 1100 (0x44c) 'Permission denied', port = 0x9c3b, name = 'com.apple.tsm.portname'
See /usr/include/servers/bootstrap_defs.h for the error codes.
2017-03-21 14:55:12.808 plugin-container[8466:282630] *** CFMessagePort: bootstrap_register(): failed 1100 (0x44c) 'Permission denied', port = 0x9f03, name = 'com.apple.CFPasteboardClient'
See /usr/include/servers/bootstrap_defs.h for the error codes.
1490075888723	geckodriver	INFO	Listening on 127.0.0.1:52569
1490075888780	mozprofile::profile	INFO	Using profile path /tmp/rust_mozprofile.zuMb8ZyDGGSj
1490075888781	geckodriver::marionette	INFO	Starting browser /Applications/Firefox.app/Contents/MacOS/firefox-bin with args []
1490075888784	geckodriver::marionette	INFO	Connecting to Marionette on localhost:52576
1490075889473	Marionette	INFO	Listening on port 52576
1490075889762	Marionette	WARN	TLS certificate errors will be ignored for this session
2017-03-21 14:58:11.088 plugin-container[8649:290778] *** CFMessagePort: bootstrap_register(): failed 1100 (0x44c) 'Permission denied', port = 0x963b, name = 'com.apple.tsm.portname'
See /usr/include/servers/bootstrap_defs.h for the error codes.
2017-03-21 14:58:11.088 plugin-container[8649:290778] *** CFMessagePort: bootstrap_register(): failed 1100 (0x44c) 'Permission denied', port = 0x9903, name = 'com.apple.CFPasteboardClient'
See /usr/include/servers/bootstrap_defs.h for the error codes.
1490076221786	geckodriver	INFO	Listening on 127.0.0.1:52709
1490076221824	mozprofile::profile	INFO	Using profile path /var/folders/0l/011nyqz92cj_pk0mk4n727g00000gn/T/rust_mozprofile.hC1lGaiKjPYU
1490076221824	geckodriver::marionette	INFO	Starting browser /Applications/Firefox.app/Contents/MacOS/firefox-bin with args []
1490076221829	geckodriver::marionette	INFO	Connecting to Marionette on localhost:52716
1490076222432	Marionette	INFO	Listening on port 52716
1490076222701	Marionette	WARN	TLS certificate errors will be ignored for this session
2017-03-21 15:03:43.965 plugin-container[8766:318419] *** CFMessagePort: bootstrap_register(): failed 1100 (0x44c) 'Permission denied', port = 0x983b, name = 'com.apple.tsm.portname'
See /usr/include/servers/bootstrap_defs.h for the error codes.
2017-03-21 15:03:43.966 plugin-container[8766:318419] *** CFMessagePort: bootstrap_register(): failed 1100 (0x44c) 'Permission denied', port = 0x9b03, name = 'com.apple.CFPasteboardClient'
See /usr/include/servers/bootstrap_defs.h for the error codes.
2017-03-21 15:04:00.967 plugin-container[8821:319491] *** CFMessagePort: bootstrap_register(): failed 1100 (0x44c) 'Permission denied', port = 0x973b, name = 'com.apple.tsm.portname'
See /usr/include/servers/bootstrap_defs.h for the error codes.
2017-03-21 15:04:00.968 plugin-container[8821:319491] *** CFMessagePort: bootstrap_register(): failed 1100 (0x44c) 'Permission denied', port = 0x9a03, name = 'com.apple.CFPasteboardClient'
See /usr/include/servers/bootstrap_defs.h for the error codes.
*************************
A coding exception was thrown and uncaught in a Task.

Full message: TypeError: NetworkError when attempting to fetch resource.
Full stack: 
*************************
1490076397575	geckodriver	INFO	Listening on 127.0.0.1:52774
1490076398616	mozprofile::profile	INFO	Using profile path /var/folders/0l/011nyqz92cj_pk0mk4n727g00000gn/T/rust_mozprofile.e4gQ4EzkRKQG
1490076398617	geckodriver::marionette	INFO	Starting browser /Applications/Firefox.app/Contents/MacOS/firefox-bin with args []
1490076398621	geckodriver::marionette	INFO	Connecting to Marionette on localhost:52783
1490076399210	Marionette	INFO	Listening on port 52783
1490076399484	Marionette	WARN	TLS certificate errors will be ignored for this session
2017-03-21 15:06:40.691 plugin-container[9507:326279] *** CFMessagePort: bootstrap_register(): failed 1100 (0x44c) 'Permission denied', port = 0x983b, name = 'com.apple.tsm.portname'
See /usr/include/servers/bootstrap_defs.h for the error codes.
2017-03-21 15:06:40.692 plugin-container[9507:326279] *** CFMessagePort: bootstrap_register(): failed 1100 (0x44c) 'Permission denied', port = 0x9b03, name = 'com.apple.CFPasteboardClient'
See /usr/include/servers/bootstrap_defs.h for the error codes.
*************************
A coding exception was thrown and uncaught in a Task.

Full message: TypeError: NetworkError when attempting to fetch resource.
Full stack: 
*************************
2017-03-21 15:13:16.331 plugin-container[9673:339047] *** CFMessagePort: bootstrap_register(): failed 1100 (0x44c) 'Permission denied', port = 0x923b, name = 'com.apple.tsm.portname'
See /usr/include/servers/bootstrap_defs.h for the error codes.
2017-03-21 15:13:16.334 plugin-container[9673:339047] *** CFMessagePort: bootstrap_register(): failed 1100 (0x44c) 'Permission denied', port = 0x9503, name = 'com.apple.CFPasteboardClient'
See /usr/include/servers/bootstrap_defs.h for the error codes.
2017-03-21 15:13:20.613 plugin-container[9677:339476] *** CFMessagePort: bootstrap_register(): failed 1100 (0x44c) 'Permission denied', port = 0x983b, name = 'com.apple.tsm.portname'
See /usr/include/servers/bootstrap_defs.h for the error codes.
2017-03-21 15:13:20.614 plugin-container[9677:339476] *** CFMessagePort: bootstrap_register(): failed 1100 (0x44c) 'Permission denied', port = 0x9c03, name = 'com.apple.CFPasteboardClient'
See /usr/include/servers/bootstrap_defs.h for the error codes.
2017-03-21 15:13:21.972 plugin-container[9680:339637] *** CFMessagePort: bootstrap_register(): failed 1100 (0x44c) 'Permission denied', port = 0x983b, name = 'com.apple.tsm.portname'
See /usr/include/servers/bootstrap_defs.h for the error codes.
2017-03-21 15:13:21.973 plugin-container[9680:339637] *** CFMessagePort: bootstrap_register(): failed 1100 (0x44c) 'Permission denied', port = 0x9b03, name = 'com.apple.CFPasteboardClient'
See /usr/include/servers/bootstrap_defs.h for the error codes.
2017-03-21 16:18:24.743 plugin-container[11909:535343] *** CFMessagePort: bootstrap_register(): failed 1100 (0x44c) 'Permission denied', port = 0x9a3b, name = 'com.apple.tsm.portname'
See /usr/include/servers/bootstrap_defs.h for the error codes.
2017-03-21 16:18:24.747 plugin-container[11909:535343] *** CFMessagePort: bootstrap_register(): failed 1100 (0x44c) 'Permission denied', port = 0x9d03, name = 'com.apple.CFPasteboardClient'
See /usr/include/servers/bootstrap_defs.h for the error codes.
2017-03-21 16:40:59.223 plugin-container[12725:613871] *** CFMessagePort: bootstrap_register(): failed 1100 (0x44c) 'Permission denied', port = 0x983b, name = 'com.apple.tsm.portname'
See /usr/include/servers/bootstrap_defs.h for the error codes.
2017-03-21 16:40:59.225 plugin-container[12725:613871] *** CFMessagePort: bootstrap_register(): failed 1100 (0x44c) 'Permission denied', port = 0x9b03, name = 'com.apple.CFPasteboardClient'
See /usr/include/servers/bootstrap_defs.h for the error codes.
2017-03-21 17:50:12.499 plugin-container[14299:851595] *** CFMessagePort: bootstrap_register(): failed 1100 (0x44c) 'Permission denied', port = 0x983b, name = 'com.apple.tsm.portname'
See /usr/include/servers/bootstrap_defs.h for the error codes.
2017-03-21 17:50:12.501 plugin-container[14299:851595] *** CFMessagePort: bootstrap_register(): failed 1100 (0x44c) 'Permission denied', port = 0x9b03, name = 'com.apple.CFPasteboardClient'
See /usr/include/servers/bootstrap_defs.h for the error codes.
1490092547487	geckodriver	INFO	Listening on 127.0.0.1:61317
1490092548528	mozprofile::profile	INFO	Using profile path /var/folders/0l/011nyqz92cj_pk0mk4n727g00000gn/T/rust_mozprofile.raqRNq5vAAim
1490092548529	geckodriver::marionette	INFO	Starting browser /Applications/Firefox.app/Contents/MacOS/firefox-bin with args []
1490092548534	geckodriver::marionette	INFO	Connecting to Marionette on localhost:61327
1490092549137	Marionette	INFO	Listening on port 61327
1490092549425	Marionette	WARN	TLS certificate errors will be ignored for this session
1490092550656	Marionette	INFO	New connections will no longer be accepted
2017-03-21 19:35:50.661 plugin-container[15954:1156351] *** CFMessagePort: bootstrap_register(): failed 1100 (0x44c) 'Permission denied', port = 0x983b, name = 'com.apple.tsm.portname'
See /usr/include/servers/bootstrap_defs.h for the error codes.
2017-03-21 19:35:50.662 plugin-container[15954:1156351] *** CFMessagePort: bootstrap_register(): failed 1100 (0x44c) 'Permission denied', port = 0x9b03, name = 'com.apple.CFPasteboardClient'
See /usr/include/servers/bootstrap_defs.h for the error codes.
[Child 15954] ###!!! ABORT: Aborting on channel error.: file /builds/slave/m-rel-m64-00000000000000000000/build/src/ipc/glue/MessageChannel.cpp, line 2143
[Child 15954] ###!!! ABORT: Aborting on channel error.: file /builds/slave/m-rel-m64-00000000000000000000/build/src/ipc/glue/MessageChannel.cpp, line 2143
1490092592673	geckodriver	INFO	Listening on 127.0.0.1:61364
1490092593717	mozprofile::profile	INFO	Using profile path /var/folders/0l/011nyqz92cj_pk0mk4n727g00000gn/T/rust_mozprofile.uihMSZhYEikm
1490092593718	geckodriver::marionette	INFO	Starting browser /Applications/Firefox.app/Contents/MacOS/firefox-bin with args []
1490092593722	geckodriver::marionette	INFO	Connecting to Marionette on localhost:61373
1490092594343	Marionette	INFO	Listening on port 61373
1490092594621	Marionette	WARN	TLS certificate errors will be ignored for this session
2017-03-21 19:36:35.854 plugin-container[16016:1158183] *** CFMessagePort: bootstrap_register(): failed 1100 (0x44c) 'Permission denied', port = 0x9a3b, name = 'com.apple.tsm.portname'
See /usr/include/servers/bootstrap_defs.h for the error codes.
2017-03-21 19:36:35.854 plugin-container[16016:1158183] *** CFMessagePort: bootstrap_register(): failed 1100 (0x44c) 'Permission denied', port = 0x9d03, name = 'com.apple.CFPasteboardClient'
See /usr/include/servers/bootstrap_defs.h for the error codes.
1490092595915	Marionette	INFO	New connections will no longer be accepted
[Child 16016] ###!!! ABORT: Aborting on channel error.: file /builds/slave/m-rel-m64-00000000000000000000/build/src/ipc/glue/MessageChannel.cpp, line 2143
[Child 16016] ###!!! ABORT: Aborting on channel error.: file /builds/slave/m-rel-m64-00000000000000000000/build/src/ipc/glue/MessageChannel.cpp, line 2143
1490093174686	geckodriver	INFO	Listening on 127.0.0.1:61591
1490093175725	mozprofile::profile	INFO	Using profile path /var/folders/0l/011nyqz92cj_pk0mk4n727g00000gn/T/rust_mozprofile.T9DJhp4rDyOK
1490093175726	geckodriver::marionette	INFO	Starting browser /Applications/Firefox.app/Contents/MacOS/firefox-bin with args []
1490093175730	geckodriver::marionette	INFO	Connecting to Marionette on localhost:61600
1490093176327	Marionette	INFO	Listening on port 61600
1490093176606	Marionette	WARN	TLS certificate errors will be ignored for this session
2017-03-21 19:46:17.855 plugin-container[16216:1186728] *** CFMessagePort: bootstrap_register(): failed 1100 (0x44c) 'Permission denied', port = 0x9a3b, name = 'com.apple.tsm.portname'
See /usr/include/servers/bootstrap_defs.h for the error codes.
2017-03-21 19:46:17.856 plugin-container[16216:1186728] *** CFMessagePort: bootstrap_register(): failed 1100 (0x44c) 'Permission denied', port = 0x9d03, name = 'com.apple.CFPasteboardClient'
See /usr/include/servers/bootstrap_defs.h for the error codes.
1490093177895	Marionette	INFO	New connections will no longer be accepted
[Child 16216] ###!!! ABORT: Aborting on channel error.: file /builds/slave/m-rel-m64-00000000000000000000/build/src/ipc/glue/MessageChannel.cpp, line 2143
[Child 16216] ###!!! ABORT: Aborting on channel error.: file /builds/slave/m-rel-m64-00000000000000000000/build/src/ipc/glue/MessageChannel.cpp, line 2143
1490108544110	geckodriver	INFO	Listening on 127.0.0.1:57415
1490108545144	mozprofile::profile	INFO	Using profile path /var/folders/0l/011nyqz92cj_pk0mk4n727g00000gn/T/rust_mozprofile.Xlt33O3azo62
1490108545146	geckodriver::marionette	INFO	Starting browser /Applications/Firefox.app/Contents/MacOS/firefox-bin with args []
1490108545161	geckodriver::marionette	INFO	Connecting to Marionette on localhost:57424
1490108545851	Marionette	INFO	Listening on port 57424
1490108546158	Marionette	WARN	TLS certificate errors will be ignored for this session
2017-03-22 00:02:27.395 plugin-container[21763:2143003] *** CFMessagePort: bootstrap_register(): failed 1100 (0x44c) 'Permission denied', port = 0x983b, name = 'com.apple.tsm.portname'
See /usr/include/servers/bootstrap_defs.h for the error codes.
2017-03-22 00:02:27.398 plugin-container[21763:2143003] *** CFMessagePort: bootstrap_register(): failed 1100 (0x44c) 'Permission denied', port = 0x9b03, name = 'com.apple.CFPasteboardClient'
See /usr/include/servers/bootstrap_defs.h for the error codes.
1490108547528	Marionette	INFO	New connections will no longer be accepted
[Child 21763] ###!!! ABORT: Aborting on channel error.: file /builds/slave/m-rel-m64-00000000000000000000/build/src/ipc/glue/MessageChannel.cpp, line 2143
[Child 21763] ###!!! ABORT: Aborting on channel error.: file /builds/slave/m-rel-m64-00000000000000000000/build/src/ipc/glue/MessageChannel.cpp, line 2143
1490108569638	geckodriver	INFO	Listening on 127.0.0.1:57457
1490108570682	mozprofile::profile	INFO	Using profile path /var/folders/0l/011nyqz92cj_pk0mk4n727g00000gn/T/rust_mozprofile.5iNmCsibFJ8k
1490108570683	geckodriver::marionette	INFO	Starting browser /Applications/Firefox.app/Contents/MacOS/firefox-bin with args []
1490108570687	geckodriver::marionette	INFO	Connecting to Marionette on localhost:57466
1490108571271	Marionette	INFO	Listening on port 57466
1490108571531	Marionette	WARN	TLS certificate errors will be ignored for this session
2017-03-22 00:02:52.697 plugin-container[21882:2144319] *** CFMessagePort: bootstrap_register(): failed 1100 (0x44c) 'Permission denied', port = 0x9a3b, name = 'com.apple.tsm.portname'
See /usr/include/servers/bootstrap_defs.h for the error codes.
2017-03-22 00:02:52.701 plugin-container[21882:2144319] *** CFMessagePort: bootstrap_register(): failed 1100 (0x44c) 'Permission denied', port = 0x9d03, name = 'com.apple.CFPasteboardClient'
See /usr/include/servers/bootstrap_defs.h for the error codes.
1490108572780	Marionette	INFO	New connections will no longer be accepted
[Child 21882] ###!!! ABORT: Aborting on channel error.: file /builds/slave/m-rel-m64-00000000000000000000/build/src/ipc/glue/MessageChannel.cpp, line 2143
[Child 21882] ###!!! ABORT: Aborting on channel error.: file /builds/slave/m-rel-m64-00000000000000000000/build/src/ipc/glue/MessageChannel.cpp, line 2143
