1490954091264	geckodriver	INFO	Listening on 127.0.0.1:59813
1490954092307	mozprofile::profile	INFO	Using profile path /var/folders/0l/011nyqz92cj_pk0mk4n727g00000gn/T/rust_mozprofile.ObsAHDFi8P3j
1490954092308	geckodriver::marionette	INFO	Starting browser /Applications/Firefox.app/Contents/MacOS/firefox-bin with args []
1490954092328	geckodriver::marionette	INFO	Connecting to Marionette on localhost:59822
1490954093037	Marionette	INFO	Listening on port 59822
1490954093333	Marionette	WARN	TLS certificate errors will be ignored for this session
2017-03-31 09:54:54.546 plugin-container[10637:1139076] *** CFMessagePort: bootstrap_register(): failed 1100 (0x44c) 'Permission denied', port = 0x983b, name = 'com.apple.tsm.portname'
See /usr/include/servers/bootstrap_defs.h for the error codes.
2017-03-31 09:54:54.548 plugin-container[10637:1139076] *** CFMessagePort: bootstrap_register(): failed 1100 (0x44c) 'Permission denied', port = 0x9b03, name = 'com.apple.CFPasteboardClient'
See /usr/include/servers/bootstrap_defs.h for the error codes.
1490954094886	Marionette	INFO	New connections will no longer be accepted
[Child 10637] ###!!! ABORT: Aborting on channel error.: file /builds/slave/m-rel-m64-00000000000000000000/build/src/ipc/glue/MessageChannel.cpp, line 2143
[Child 10637] ###!!! ABORT: Aborting on channel error.: file /builds/slave/m-rel-m64-00000000000000000000/build/src/ipc/glue/MessageChannel.cpp, line 2143
1490954348688	geckodriver	INFO	Listening on 127.0.0.1:59904
1490954349727	mozprofile::profile	INFO	Using profile path /var/folders/0l/011nyqz92cj_pk0mk4n727g00000gn/T/rust_mozprofile.IoP1FPDM1wqV
1490954349728	geckodriver::marionette	INFO	Starting browser /Applications/Firefox.app/Contents/MacOS/firefox-bin with args []
1490954349733	geckodriver::marionette	INFO	Connecting to Marionette on localhost:59913
1490954350324	Marionette	INFO	Listening on port 59913
1490954350584	Marionette	WARN	TLS certificate errors will be ignored for this session
2017-03-31 09:59:11.760 plugin-container[11290:1145586] *** CFMessagePort: bootstrap_register(): failed 1100 (0x44c) 'Permission denied', port = 0x983b, name = 'com.apple.tsm.portname'
See /usr/include/servers/bootstrap_defs.h for the error codes.
2017-03-31 09:59:11.762 plugin-container[11290:1145586] *** CFMessagePort: bootstrap_register(): failed 1100 (0x44c) 'Permission denied', port = 0x9b03, name = 'com.apple.CFPasteboardClient'
See /usr/include/servers/bootstrap_defs.h for the error codes.
1490954352021	Marionette	INFO	New connections will no longer be accepted
[Child 11290] ###!!! ABORT: Aborting on channel error.: file /builds/slave/m-rel-m64-00000000000000000000/build/src/ipc/glue/MessageChannel.cpp, line 2143
[Child 11290] ###!!! ABORT: Aborting on channel error.: file /builds/slave/m-rel-m64-00000000000000000000/build/src/ipc/glue/MessageChannel.cpp, line 2143
1490954664072	geckodriver	INFO	Listening on 127.0.0.1:60638
1490954665115	mozprofile::profile	INFO	Using profile path /var/folders/0l/011nyqz92cj_pk0mk4n727g00000gn/T/rust_mozprofile.mLugN017nLH3
1490954665116	geckodriver::marionette	INFO	Starting browser /Applications/Firefox.app/Contents/MacOS/firefox-bin with args []
1490954665119	geckodriver::marionette	INFO	Connecting to Marionette on localhost:60648
1490954665719	Marionette	INFO	Listening on port 60648
1490954665980	Marionette	WARN	TLS certificate errors will be ignored for this session
2017-03-31 10:04:27.123 plugin-container[11426:1162193] *** CFMessagePort: bootstrap_register(): failed 1100 (0x44c) 'Permission denied', port = 0x983b, name = 'com.apple.tsm.portname'
See /usr/include/servers/bootstrap_defs.h for the error codes.
2017-03-31 10:04:27.124 plugin-container[11426:1162193] *** CFMessagePort: bootstrap_register(): failed 1100 (0x44c) 'Permission denied', port = 0x9b03, name = 'com.apple.CFPasteboardClient'
See /usr/include/servers/bootstrap_defs.h for the error codes.
1490954667471	Marionette	INFO	New connections will no longer be accepted
[Child 11426] ###!!! ABORT: Aborting on channel error.: file /builds/slave/m-rel-m64-00000000000000000000/build/src/ipc/glue/MessageChannel.cpp, line 2143
[Child 11426] ###!!! ABORT: Aborting on channel error.: file /builds/slave/m-rel-m64-00000000000000000000/build/src/ipc/glue/MessageChannel.cpp, line 2143
